[debug] [2024-05-22T22:43:24.852Z] ----------------------------------------------------------------------
[debug] [2024-05-22T22:43:24.854Z] Command:       C:\Program Files\nodejs\node.exe C:\Users\Matt\AppData\Roaming\npm\node_modules\firebase-tools\lib\bin\firebase.js deploy
[debug] [2024-05-22T22:43:24.854Z] CLI Version:   13.7.4
[debug] [2024-05-22T22:43:24.855Z] Platform:      win32
[debug] [2024-05-22T22:43:24.855Z] Node Version:  v20.9.0
[debug] [2024-05-22T22:43:24.855Z] Time:          Wed May 22 2024 17:43:24 GMT-0500 (Central Daylight Time)
[debug] [2024-05-22T22:43:24.855Z] ----------------------------------------------------------------------
[debug] 
[debug] [2024-05-22T22:43:24.922Z] > command requires scopes: ["email","openid","https://www.googleapis.com/auth/cloudplatformprojects.readonly","https://www.googleapis.com/auth/firebase","https://www.googleapis.com/auth/cloud-platform"]
[debug] [2024-05-22T22:43:24.923Z] > authorizing via signed-in user (matt@peu.dev)
[debug] [2024-05-22T22:43:24.923Z] [iam] checking project template-photography for permissions ["firebase.projects.get","firebasehosting.sites.update"]
[debug] [2024-05-22T22:43:24.924Z] >>> [apiv2][query] POST https://cloudresourcemanager.googleapis.com/v1/projects/template-photography:testIamPermissions [none]
[debug] [2024-05-22T22:43:24.924Z] >>> [apiv2][(partial)header] POST https://cloudresourcemanager.googleapis.com/v1/projects/template-photography:testIamPermissions x-goog-quota-user=projects/template-photography
[debug] [2024-05-22T22:43:24.925Z] >>> [apiv2][body] POST https://cloudresourcemanager.googleapis.com/v1/projects/template-photography:testIamPermissions {"permissions":["firebase.projects.get","firebasehosting.sites.update"]}
[debug] [2024-05-22T22:43:25.228Z] <<< [apiv2][status] POST https://cloudresourcemanager.googleapis.com/v1/projects/template-photography:testIamPermissions 200
[debug] [2024-05-22T22:43:25.228Z] <<< [apiv2][body] POST https://cloudresourcemanager.googleapis.com/v1/projects/template-photography:testIamPermissions {}
[debug] [2024-05-22T22:43:25.229Z] [iam] error while checking permissions, command may fail: FirebaseError: Authorization failed. This account is missing the following required permissions on project template-photography:

  firebase.projects.get
  firebasehosting.sites.update
[debug] [2024-05-22T22:43:25.230Z] >>> [apiv2][query] GET https://firebase.googleapis.com/v1beta1/projects/template-photography [none]
[debug] [2024-05-22T22:43:25.435Z] <<< [apiv2][status] GET https://firebase.googleapis.com/v1beta1/projects/template-photography 403
[debug] [2024-05-22T22:43:25.436Z] <<< [apiv2][body] GET https://firebase.googleapis.com/v1beta1/projects/template-photography {"error":{"code":403,"message":"The caller does not have permission","status":"PERMISSION_DENIED"}}
[debug] [2024-05-22T22:43:25.437Z] HTTP Error: 403, The caller does not have permission
[error] 
[error] Error: Assertion failed: resolving hosting target of a site with no site name or target name. This should have caused an error earlier
